<?xml version="1.0" encoding="UTF-8" ?>
<testsuites name="vitest tests" tests="1" failures="1" errors="0" time="0">
    <testsuite name="src/Acc/ForTest/ApiGetTest.test.tsx" timestamp="2026-02-23T20:22:18.224Z" hostname="EPINCHEW0016" tests="1" failures="1" errors="0" skipped="0" time="0">
        <testcase classname="src/Acc/ForTest/ApiGetTest.test.tsx" name="src/Acc/ForTest/ApiGetTest.test.tsx" time="0">
            <failure message="Cannot find module &apos;/@id/C:/Users/VishwanathanRJ/OneDrive - EPAM/demoCoding/Interview/ReactTypesctipt/src/setupTests.ts&apos;" type="Error">
Error: Cannot find module &apos;/@id/C:/Users/VishwanathanRJ/OneDrive - EPAM/demoCoding/Interview/ReactTypesctipt/src/setupTests.ts&apos;
⎯⎯⎯⎯⎯⎯⎯⎯⎯⎯⎯⎯⎯⎯⎯⎯⎯⎯⎯⎯⎯⎯⎯⎯⎯⎯⎯⎯⎯⎯⎯⎯⎯⎯⎯⎯⎯⎯⎯⎯⎯⎯⎯⎯⎯⎯⎯⎯⎯⎯⎯⎯⎯⎯⎯⎯⎯⎯⎯⎯⎯⎯⎯⎯⎯⎯⎯⎯⎯⎯⎯⎯⎯⎯⎯⎯⎯⎯⎯⎯⎯⎯⎯⎯⎯⎯⎯⎯⎯⎯⎯⎯⎯⎯⎯⎯⎯⎯⎯⎯⎯⎯⎯⎯⎯⎯⎯⎯⎯⎯⎯⎯⎯⎯⎯⎯⎯⎯⎯⎯⎯⎯⎯⎯⎯⎯⎯⎯⎯⎯⎯⎯⎯⎯⎯⎯⎯⎯
Serialized Error: { code: &apos;ERR_MODULE_NOT_FOUND&apos; }
            </failure>
        </testcase>
    </testsuite>
</testsuites>
